#
# There is insufficient memory for the Java Runtime Environment to continue.
# Native memory allocation (mmap) failed to map 2097152 bytes for card table expansion
# Possible reasons:
#   The system is out of physical RAM or swap space
#   In 32 bit mode, the process size limit was hit
# Possible solutions:
#   Reduce memory load on the system
#   Increase physical memory or swap space
#   Check if swap backing store is full
#   Use 64 bit Java on a 64 bit OS
#   Decrease Java heap size (-Xmx/-Xms)
#   Decrease number of Java threads
#   Decrease Java thread stack sizes (-Xss)
#   Set larger code cache with -XX:ReservedCodeCacheSize=
# This output file may be truncated or incomplete.
#
#  Out of Memory Error (os_windows.cpp:3331), pid=8036, tid=0x00000000000010e0
#
# JRE version:  (8.0_131-b11) (build )
# Java VM: Java HotSpot(TM) 64-Bit Server VM (25.131-b11 mixed mode windows-amd64 compressed oops)
# Failed to write core dump. Minidumps are not enabled by default on client versions of Windows
#

---------------  T H R E A D  ---------------

Current thread (0x00000000024ee000):  JavaThread "Unknown thread" [_thread_in_vm, id=4320, stack(0x0000000002200000,0x0000000002300000)]

Stack: [0x0000000002200000,0x0000000002300000]
[error occurred during error reporting (printing stack bounds), id 0xc0000005]

Native frames: (J=compiled Java code, j=interpreted, Vv=VM code, C=native code)


---------------  P R O C E S S  ---------------

Java Threads: ( => current thread )

Other Threads:

=>0x00000000024ee000 (exited) JavaThread "Unknown thread" [_thread_in_vm, id=4320, stack(0x0000000002200000,0x0000000002300000)]

VM state:not at safepoint (not fully initialized)

VM Mutex/Monitor currently owned by a thread: None

GC Heap History (0 events):
No events

Deoptimization events (0 events):
No events

Internal exceptions (0 events):
No events

Events (0 events):
No events


Dynamic libraries:
0x00007ff799d40000 - 0x00007ff799d77000 	C:\Program Files\Java\jre1.8.0_131\bin\javaw.exe
0x00007ffab7a70000 - 0x00007ffab7c4b000 	C:\WINDOWS\SYSTEM32\ntdll.dll
0x00007ffab7770000 - 0x00007ffab781e000 	C:\WINDOWS\System32\KERNEL32.DLL
0x00007ffab4990000 - 0x00007ffab4bd9000 	C:\WINDOWS\System32\KERNELBASE.dll
0x00007ffab7440000 - 0x00007ffab74e1000 	C:\WINDOWS\System32\ADVAPI32.dll
0x00007ffab52d0000 - 0x00007ffab536d000 	C:\WINDOWS\System32\msvcrt.dll
0x00007ffab5fa0000 - 0x00007ffab5ff9000 	C:\WINDOWS\System32\sechost.dll
0x00007ffab7640000 - 0x00007ffab7765000 	C:\WINDOWS\System32\RPCRT4.dll
0x00007ffab50b0000 - 0x00007ffab51fa000 	C:\WINDOWS\System32\USER32.dll
0x00007ffab4e60000 - 0x00007ffab4e7e000 	C:\WINDOWS\System32\win32u.dll
0x00007ffab5820000 - 0x00007ffab5847000 	C:\WINDOWS\System32\GDI32.dll
0x00007ffab4100000 - 0x00007ffab4287000 	C:\WINDOWS\System32\gdi32full.dll
0x00007ffab4f30000 - 0x00007ffab4fca000 	C:\WINDOWS\System32\msvcp_win.dll
0x00007ffab3f90000 - 0x00007ffab4086000 	C:\WINDOWS\System32\ucrtbase.dll
0x00007ffaa4d30000 - 0x00007ffaa4f97000 	C:\WINDOWS\WinSxS\amd64_microsoft.windows.common-controls_6595b64144ccf1df_6.0.15063.483_none_26002d27e7c744a2\COMCTL32.dll
0x00007ffab5520000 - 0x00007ffab5819000 	C:\WINDOWS\System32\combase.dll
0x00007ffab4090000 - 0x00007ffab40fa000 	C:\WINDOWS\System32\bcryptPrimitives.dll
0x00007ffab5480000 - 0x00007ffab54ad000 	C:\WINDOWS\System32\IMM32.DLL
0x0000000061660000 - 0x0000000061732000 	C:\Program Files\Java\jre1.8.0_131\bin\msvcr100.dll
0x0000000060dc0000 - 0x000000006165c000 	C:\Program Files\Java\jre1.8.0_131\bin\server\jvm.dll
0x00007ffab54b0000 - 0x00007ffab54b8000 	C:\WINDOWS\System32\PSAPI.DLL
0x00007ffab0ae0000 - 0x00007ffab0b03000 	C:\WINDOWS\SYSTEM32\WINMM.dll
0x00007ffaa5ec0000 - 0x00007ffaa5ec9000 	C:\WINDOWS\SYSTEM32\WSOCK32.dll
0x00007ffab5200000 - 0x00007ffab526c000 	C:\WINDOWS\System32\WS2_32.dll
0x00007ffab0940000 - 0x00007ffab096b000 	C:\WINDOWS\SYSTEM32\WINMMBASE.dll
0x00007ffab4ee0000 - 0x00007ffab4f29000 	C:\WINDOWS\System32\cfgmgr32.dll
0x00007ffaa6e20000 - 0x00007ffaa6e2a000 	C:\WINDOWS\SYSTEM32\VERSION.dll
0x0000000060db0000 - 0x0000000060dbf000 	C:\Program Files\Java\jre1.8.0_131\bin\verify.dll
0x0000000060d80000 - 0x0000000060da9000 	C:\Program Files\Java\jre1.8.0_131\bin\java.dll
0x0000000060d60000 - 0x0000000060d76000 	C:\Program Files\Java\jre1.8.0_131\bin\zip.dll

VM Arguments:
jvm_args: -Xms1536m -Xmx1536m -Dfile.encoding=Cp1258 
java_command: club.hcmiuiot.vnOCR.OCREngine
java_class_path (initial): C:\Program Files\Java\jre1.8.0_131\lib\resources.jar;C:\Program Files\Java\jre1.8.0_131\lib\rt.jar;C:\Program Files\Java\jre1.8.0_131\lib\jsse.jar;C:\Program Files\Java\jre1.8.0_131\lib\jce.jar;C:\Program Files\Java\jre1.8.0_131\lib\charsets.jar;C:\Program Files\Java\jre1.8.0_131\lib\jfr.jar;C:\Program Files\Java\jre1.8.0_131\lib\ext\access-bridge-64.jar;C:\Program Files\Java\jre1.8.0_131\lib\ext\cldrdata.jar;C:\Program Files\Java\jre1.8.0_131\lib\ext\dnsns.jar;C:\Program Files\Java\jre1.8.0_131\lib\ext\jaccess.jar;C:\Program Files\Java\jre1.8.0_131\lib\ext\jfxrt.jar;C:\Program Files\Java\jre1.8.0_131\lib\ext\localedata.jar;C:\Program Files\Java\jre1.8.0_131\lib\ext\nashorn.jar;C:\Program Files\Java\jre1.8.0_131\lib\ext\sunec.jar;C:\Program Files\Java\jre1.8.0_131\lib\ext\sunjce_provider.jar;C:\Program Files\Java\jre1.8.0_131\lib\ext\sunmscapi.jar;C:\Program Files\Java\jre1.8.0_131\lib\ext\sunpkcs11.jar;C:\Program Files\Java\jre1.8.0_131\lib\ext\zipfs.jar;D:\IT\OpenCV\331\opencv\build\java\opencv-331.jar;D:\IT\Java\workspace\hcmiuiot_vnOCR\bin;D:\IT\Java\workspace\hcmiuiot_SudokuSolver\java\lib\hcmiuiot_OpenCV.jar
Launcher Type: SUN_STANDARD

Environment Variables:
JAVA_HOME=C:\Program Files\Java\jdk1.8.0_131
PATH=C:/Program Files/Java/jre1.8.0_144/bin/server;C:/Program Files/Java/jre1.8.0_144/bin;C:/Program Files/Java/jre1.8.0_144/lib/amd64;C:\Program Files (x86)\Common Files\Intel\Shared Files\cpp\bin\Intel64;C:\ProgramData\Oracle\Java\javapath;C:\Program Files (x86)\Python36-32\Scripts\;C:\Program Files (x86)\Python36-32\;C:\Program Files (x86)\Intel\iCLS Client\;C:\Program Files\Intel\iCLS Client\;D:\Program Files (x86)\Borland\Delphi7\Bin;D:\Program Files (x86)\Borland\Delphi7\Projects\Bpl;D:\Program Files (x86)\Embarcadero\Studio\17.0\bin;C:\Users\Public\Documents\Embarcadero\Studio\17.0\Bpl;D:\Program Files (x86)\Embarcadero\Studio\17.0\bin64;C:\Users\Public\Documents\Embarcadero\Studio\17.0\Bpl\Win64;C:\WINDOWS\system32;C:\WINDOWS;C:\WINDOWS\System32\Wbem;C:\WINDOWS\System32\WindowsPowerShell\v1.0\;C:\Program Files\Intel\Intel(R) Management Engine Components\DAL;C:\Program Files\Intel\Intel(R) Management Engine Components\IPT;C:\Program Files (x86)\Intel\Intel(R) Management Engine Components\DAL;C:\Program Files (x86)\Intel\Intel(R) Management Engine Components\IPT;C:\Program Files (x86)\Microsoft SQL Server\Client SDK\ODBC\130\Tools\Binn\;C:\Program Files (x86)\Microsoft SQL Server\130\Tools\Binn\;C:\Program Files (x86)\Microsoft SQL Server\130\DTS\Binn\;C:\Program Files (x86)\Microsoft SQL Server\130\Tools\Binn\ManagementStudio\;C:\Program Files\CMake\bin;C:\Program Files (x86)\CodeBlocks\MinGW\bin;C:\TDM-GCC-64\bin;C:\Program Files\PuTTY\;C:\Program Files\nodejs\;C:\Program Files (x86)\IVI Foundation\VISA\WinNT\Bin;C:\Program Files\Git\cmd;C:\Program Files\MATLAB\R2013a\runtime\win64;C:\Program Files\MATLAB\R2013a\bin;D:\Program Files\MATLAB\R2012a\runtime\win64;D:\Program Files\MATLAB\R2012a\bin;C:\Users\MyPC\AppData\Local\Microsoft\WindowsApps;C:\Users\MyPC\AppData\Roaming\npm;C:\Program Files (x86)\Microsoft VS Code\bin;C:\Users\MyPC\AppData\Local\GitHubDesktop\bin;D:\IT\Java\IDE\eclipse;
USERNAME=MyPC
OS=Windows_NT
PROCESSOR_IDENTIFIER=Intel64 Family 6 Model 69 Stepping 1, GenuineIntel



---------------  S Y S T E M  ---------------

OS: Windows 10.0 , 64 bit Build 15063 (10.0.15063.296)

CPU:total 4 (initial active 4) (2 cores per cpu, 2 threads per core) family 6 model 69 stepping 1, cmov, cx8, fxsr, mmx, sse, sse2, sse3, ssse3, sse4.1, sse4.2, popcnt, avx, avx2, aes, clmul, erms, lzcnt, ht, tsc, tscinvbit, bmi1, bmi2

Memory: 4k page, physical 7810456k(2321400k free), swap 8634772k(4704k free)

vm_info: Java HotSpot(TM) 64-Bit Server VM (25.131-b11) for windows-amd64 JRE (1.8.0_131-b11), built on Mar 15 2017 01:23:53 by "java_re" with MS VC++ 10.0 (VS2010)

time: Sat Dec 16 10:38:32 2017
elapsed time: 0 seconds (0d 0h 0m 0s)

